<?xml version="1.0" encoding="UTF-8"?>
<testsuite name="Andres quiere registrarce en la pagina web de Utest" tests="1" skipped="0" failures="1" errors="0" timestamp="2022-09-19T01:55:45" hostname="LAPTOP-TJNFEBVK" time="34.712">
  <properties/>
  <testcase name="Ingresar Datos Personales" classname="Andres quiere registrarce en la pagina web de Utest" time="34.712">
    <failure message="cucumber.runtime.CucumberException: No such field co.com.utest.reto.model.UtestDatos.mensajeExitoso" type="cucumber.runtime.CucumberException">cucumber.runtime.CucumberException: No such field co.com.utest.reto.model.UtestDatos.mensajeExitoso
	at cucumber.runtime.table.TableConverter.toListOfComplexType(TableConverter.java:107)
	at cucumber.runtime.table.TableConverter.convert(TableConverter.java:92)
	at cucumber.runtime.StepDefinitionMatch.tableArgument(StepDefinitionMatch.java:106)
	at cucumber.runtime.StepDefinitionMatch.transformedArgs(StepDefinitionMatch.java:82)
	at cucumber.runtime.StepDefinitionMatch.runStep(StepDefinitionMatch.java:40)
	at cucumber.api.TestStep.executeStep(TestStep.java:102)
	at cucumber.api.TestStep.run(TestStep.java:83)
	at cucumber.api.TestCase.run(TestCase.java:58)
	at cucumber.runner.Runner.runPickle(Runner.java:80)
	at cucumber.runtime.junit.PickleRunners$NoStepDescriptions.run(PickleRunners.java:140)
	at cucumber.runtime.junit.FeatureRunner.runChild(FeatureRunner.java:68)
	at cucumber.runtime.junit.FeatureRunner.runChild(FeatureRunner.java:23)
	at org.junit.runners.ParentRunner$3.run(ParentRunner.java:290)
	at org.junit.runners.ParentRunner$1.schedule(ParentRunner.java:71)
	at org.junit.runners.ParentRunner.runChildren(ParentRunner.java:288)
	at org.junit.runners.ParentRunner.access$000(ParentRunner.java:58)
	at org.junit.runners.ParentRunner$2.evaluate(ParentRunner.java:268)
	at org.junit.runners.ParentRunner.run(ParentRunner.java:363)
	at cucumber.runtime.junit.FeatureRunner.run(FeatureRunner.java:73)
	at cucumber.api.junit.Cucumber.runChild(Cucumber.java:118)
	at cucumber.api.junit.Cucumber.runChild(Cucumber.java:56)
	at org.junit.runners.ParentRunner$3.run(ParentRunner.java:290)
	at org.junit.runners.ParentRunner$1.schedule(ParentRunner.java:71)
	at org.junit.runners.ParentRunner.runChildren(ParentRunner.java:288)
	at org.junit.runners.ParentRunner.access$000(ParentRunner.java:58)
	at org.junit.runners.ParentRunner$2.evaluate(ParentRunner.java:268)
	at cucumber.api.junit.Cucumber$1.evaluate(Cucumber.java:127)
	at org.junit.runners.ParentRunner.run(ParentRunner.java:363)
	at org.gradle.api.internal.tasks.testing.junit.JUnitTestClassExecutor.runTestClass(JUnitTestClassExecutor.java:110)
	at org.gradle.api.internal.tasks.testing.junit.JUnitTestClassExecutor.execute(JUnitTestClassExecutor.java:58)
	at org.gradle.api.internal.tasks.testing.junit.JUnitTestClassExecutor.execute(JUnitTestClassExecutor.java:38)
	at org.gradle.api.internal.tasks.testing.junit.AbstractJUnitTestClassProcessor.processTestClass(AbstractJUnitTestClassProcessor.java:62)
	at org.gradle.api.internal.tasks.testing.SuiteTestClassProcessor.processTestClass(SuiteTestClassProcessor.java:51)
	at sun.reflect.NativeMethodAccessorImpl.invoke0(Native Method)
	at sun.reflect.NativeMethodAccessorImpl.invoke(NativeMethodAccessorImpl.java:62)
	at sun.reflect.DelegatingMethodAccessorImpl.invoke(DelegatingMethodAccessorImpl.java:43)
	at java.lang.reflect.Method.invoke(Method.java:498)
	at org.gradle.internal.dispatch.ReflectionDispatch.dispatch(ReflectionDispatch.java:35)
	at org.gradle.internal.dispatch.ReflectionDispatch.dispatch(ReflectionDispatch.java:24)
	at org.gradle.internal.dispatch.ContextClassLoaderDispatch.dispatch(ContextClassLoaderDispatch.java:32)
	at org.gradle.internal.dispatch.ProxyDispatchAdapter$DispatchingInvocationHandler.invoke(ProxyDispatchAdapter.java:93)
	at com.sun.proxy.$Proxy2.processTestClass(Unknown Source)
	at org.gradle.api.internal.tasks.testing.worker.TestWorker.processTestClass(TestWorker.java:118)
	at sun.reflect.NativeMethodAccessorImpl.invoke0(Native Method)
	at sun.reflect.NativeMethodAccessorImpl.invoke(NativeMethodAccessorImpl.java:62)
	at sun.reflect.DelegatingMethodAccessorImpl.invoke(DelegatingMethodAccessorImpl.java:43)
	at java.lang.reflect.Method.invoke(Method.java:498)
	at org.gradle.internal.dispatch.ReflectionDispatch.dispatch(ReflectionDispatch.java:35)
	at org.gradle.internal.dispatch.ReflectionDispatch.dispatch(ReflectionDispatch.java:24)
	at org.gradle.internal.remote.internal.hub.MessageHubBackedObjectConnection$DispatchWrapper.dispatch(MessageHubBackedObjectConnection.java:175)
	at org.gradle.internal.remote.internal.hub.MessageHubBackedObjectConnection$DispatchWrapper.dispatch(MessageHubBackedObjectConnection.java:157)
	at org.gradle.internal.remote.internal.hub.MessageHub$Handler.run(MessageHub.java:404)
	at org.gradle.internal.concurrent.ExecutorPolicy$CatchAndRecordFailures.onExecute(ExecutorPolicy.java:63)
	at org.gradle.internal.concurrent.ManagedExecutorImpl$1.run(ManagedExecutorImpl.java:46)
	at java.util.concurrent.ThreadPoolExecutor.runWorker(ThreadPoolExecutor.java:1149)
	at java.util.concurrent.ThreadPoolExecutor$Worker.run(ThreadPoolExecutor.java:624)
	at org.gradle.internal.concurrent.ThreadFactoryImpl$ManagedThreadRunnable.run(ThreadFactoryImpl.java:55)
	at java.lang.Thread.run(Thread.java:748)
</failure>
  </testcase>
  <system-out><![CDATA[]]></system-out>
  <system-err><![CDATA[[Test worker] WARN net.thucydides.core.steps.BaseStepListener - stepStarted: net.thucydides.core.steps.ExecutedStepDescription@102600bd
[Test worker] WARN net.thucydides.core.steps.BaseStepListener - stepStarted: net.thucydides.core.steps.ExecutedStepDescription@6749d42c
[Test worker] WARN net.thucydides.core.steps.BaseStepListener - stepStarted: net.thucydides.core.steps.ExecutedStepDescription@2fb6c599
sep 18, 2022 8:55:45 PM org.openqa.selenium.remote.DesiredCapabilities chrome
INFORMACIÓN: Using `new ChromeOptions()` is preferred to `DesiredCapabilities.chrome()`
[Test worker] INFO net.serenitybdd.core.webdriver.driverproviders.ProvideNewDriver - Instantiating driver
[Test worker] INFO net.serenitybdd.core.webdriver.driverproviders.ProvideNewDriver - Driver capabilities: Capabilities {acceptInsecureCerts: false, browserName: chrome, chrome.switches: --start-maximized, goog:chromeOptions: {args: [--start-maximized], extensions: []}, loggingPrefs: org.openqa.selenium.logging..., platform: ANY, version: }
Starting ChromeDriver 105.0.5195.52 (412c95e518836d8a7d97250d62b29c2ae6a26a85-refs/branch-heads/5195@{#853}) on port 16932
Only local connections are allowed.
Please see https://chromedriver.chromium.org/security-considerations for suggestions on keeping ChromeDriver safe.
ChromeDriver was started successfully.
sep 18, 2022 8:55:47 PM org.openqa.selenium.remote.ProtocolHandshake createSession
INFORMACIÓN: Detected dialect: W3C
[Test worker] WARN net.thucydides.core.steps.BaseStepListener - stepFinished: current outcome:Ingresar Datos Personales:Given Andres Ingresa Datos personales
| textoNombre | textoApellido | textoCorreo | textoMes | textoDia | textoAno |
| Andres | Guzman | andres2990@gmail.com | April | 7 | 1995 | [Andres abrir [Andres opens the Utest pagina]]
[Test worker] WARN net.thucydides.core.steps.BaseStepListener - stepFinished: current outcome:Ingresar Datos Personales:Given Andres Ingresa Datos personales
| textoNombre | textoApellido | textoCorreo | textoMes | textoDia | textoAno |
| Andres | Guzman | andres2990@gmail.com | April | 7 | 1995 | [Andres abrir [Andres opens the Utest pagina]]
[Test worker] WARN net.thucydides.core.steps.BaseStepListener - stepStarted: net.thucydides.core.steps.ExecutedStepDescription@2c62d8c4
[Test worker] WARN net.thucydides.core.steps.BaseStepListener - stepStarted: net.thucydides.core.steps.ExecutedStepDescription@4727d224
[Test worker] WARN net.thucydides.core.steps.BaseStepListener - stepFinished: current outcome:Ingresar Datos Personales:Given Andres Ingresa Datos personales
| textoNombre | textoApellido | textoCorreo | textoMes | textoDia | textoAno |
| Andres | Guzman | andres2990@gmail.com | April | 7 | 1995 | [Andres abrir [Andres opens the Utest pagina], Andres datos personales [Andres clicks on Boton que nos mostrara formulario de registro]]
[Test worker] WARN net.thucydides.core.steps.BaseStepListener - stepStarted: net.thucydides.core.steps.ExecutedStepDescription@8c329fb
[Test worker] WARN net.thucydides.core.steps.BaseStepListener - stepFinished: current outcome:Ingresar Datos Personales:Given Andres Ingresa Datos personales
| textoNombre | textoApellido | textoCorreo | textoMes | textoDia | textoAno |
| Andres | Guzman | andres2990@gmail.com | April | 7 | 1995 | [Andres abrir [Andres opens the Utest pagina], Andres datos personales [Andres clicks on Boton que nos mostrara formulario de registro, Andres enters 'Andres' into Donde escribimos el nombre]]
[Test worker] WARN net.thucydides.core.steps.BaseStepListener - stepStarted: net.thucydides.core.steps.ExecutedStepDescription@54bd3739
[Test worker] WARN net.thucydides.core.steps.BaseStepListener - stepFinished: current outcome:Ingresar Datos Personales:Given Andres Ingresa Datos personales
| textoNombre | textoApellido | textoCorreo | textoMes | textoDia | textoAno |
| Andres | Guzman | andres2990@gmail.com | April | 7 | 1995 | [Andres abrir [Andres opens the Utest pagina], Andres datos personales [Andres clicks on Boton que nos mostrara formulario de registro, Andres enters 'Andres' into Donde escribimos el nombre, Andres enters 'Guzman' into Donde escribimos el apellido]]
[Test worker] WARN net.thucydides.core.steps.BaseStepListener - stepStarted: net.thucydides.core.steps.ExecutedStepDescription@2de1e40f
[Test worker] WARN net.thucydides.core.steps.BaseStepListener - stepFinished: current outcome:Ingresar Datos Personales:Given Andres Ingresa Datos personales
| textoNombre | textoApellido | textoCorreo | textoMes | textoDia | textoAno |
| Andres | Guzman | andres2990@gmail.com | April | 7 | 1995 | [Andres abrir [Andres opens the Utest pagina], Andres datos personales [Andres clicks on Boton que nos mostrara formulario de registro, Andres enters 'Andres' into Donde escribimos el nombre, Andres enters 'Guzman' into Donde escribimos el apellido, Andres enters 'andres2990@gmail.com' into Donde escribimos el correo]]
[Test worker] WARN net.thucydides.core.steps.BaseStepListener - stepStarted: net.thucydides.core.steps.ExecutedStepDescription@6dcfbaeb
[Test worker] WARN net.thucydides.core.steps.BaseStepListener - stepFinished: current outcome:Ingresar Datos Personales:Given Andres Ingresa Datos personales
| textoNombre | textoApellido | textoCorreo | textoMes | textoDia | textoAno |
| Andres | Guzman | andres2990@gmail.com | April | 7 | 1995 | [Andres abrir [Andres opens the Utest pagina], Andres datos personales [Andres clicks on Boton que nos mostrara formulario de registro, Andres enters 'Andres' into Donde escribimos el nombre, Andres enters 'Guzman' into Donde escribimos el apellido, Andres enters 'andres2990@gmail.com' into Donde escribimos el correo, Andres select April on Donde seleccionamos el mes]]
[Test worker] WARN net.thucydides.core.steps.BaseStepListener - stepStarted: net.thucydides.core.steps.ExecutedStepDescription@6cc2f45b
[Test worker] WARN net.thucydides.core.steps.BaseStepListener - stepFinished: current outcome:Ingresar Datos Personales:Given Andres Ingresa Datos personales
| textoNombre | textoApellido | textoCorreo | textoMes | textoDia | textoAno |
| Andres | Guzman | andres2990@gmail.com | April | 7 | 1995 | [Andres abrir [Andres opens the Utest pagina], Andres datos personales [Andres clicks on Boton que nos mostrara formulario de registro, Andres enters 'Andres' into Donde escribimos el nombre, Andres enters 'Guzman' into Donde escribimos el apellido, Andres enters 'andres2990@gmail.com' into Donde escribimos el correo, Andres select April on Donde seleccionamos el mes, Andres select 7 on Donde seleccionamos el dia]]
[Test worker] WARN net.thucydides.core.steps.BaseStepListener - stepStarted: net.thucydides.core.steps.ExecutedStepDescription@1ae19474
[Test worker] WARN net.thucydides.core.steps.BaseStepListener - stepFinished: current outcome:Ingresar Datos Personales:Given Andres Ingresa Datos personales
| textoNombre | textoApellido | textoCorreo | textoMes | textoDia | textoAno |
| Andres | Guzman | andres2990@gmail.com | April | 7 | 1995 | [Andres abrir [Andres opens the Utest pagina], Andres datos personales [Andres clicks on Boton que nos mostrara formulario de registro, Andres enters 'Andres' into Donde escribimos el nombre, Andres enters 'Guzman' into Donde escribimos el apellido, Andres enters 'andres2990@gmail.com' into Donde escribimos el correo, Andres select April on Donde seleccionamos el mes, Andres select 7 on Donde seleccionamos el dia, Andres select 1995 on Donde seleccionamos el aÃ±o]]
[Test worker] WARN net.thucydides.core.steps.BaseStepListener - stepStarted: net.thucydides.core.steps.ExecutedStepDescription@2cfff17f
[Test worker] WARN net.thucydides.core.steps.BaseStepListener - stepFinished: current outcome:Ingresar Datos Personales:Given Andres Ingresa Datos personales
| textoNombre | textoApellido | textoCorreo | textoMes | textoDia | textoAno |
| Andres | Guzman | andres2990@gmail.com | April | 7 | 1995 | [Andres abrir [Andres opens the Utest pagina], Andres datos personales [Andres clicks on Boton que nos mostrara formulario de registro, Andres enters 'Andres' into Donde escribimos el nombre, Andres enters 'Guzman' into Donde escribimos el apellido, Andres enters 'andres2990@gmail.com' into Donde escribimos el correo, Andres select April on Donde seleccionamos el mes, Andres select 7 on Donde seleccionamos el dia, Andres select 1995 on Donde seleccionamos el aÃ±o, Andres clicks on Boton que nos dirige al formulario de registro de ubicacion]]
[Test worker] WARN net.thucydides.core.steps.BaseStepListener - stepFinished: current outcome:Ingresar Datos Personales:Given Andres Ingresa Datos personales
| textoNombre | textoApellido | textoCorreo | textoMes | textoDia | textoAno |
| Andres | Guzman | andres2990@gmail.com | April | 7 | 1995 | [Andres abrir [Andres opens the Utest pagina], Andres datos personales [Andres clicks on Boton que nos mostrara formulario de registro, Andres enters 'Andres' into Donde escribimos el nombre, Andres enters 'Guzman' into Donde escribimos el apellido, Andres enters 'andres2990@gmail.com' into Donde escribimos el correo, Andres select April on Donde seleccionamos el mes, Andres select 7 on Donde seleccionamos el dia, Andres select 1995 on Donde seleccionamos el aÃ±o, Andres clicks on Boton que nos dirige al formulario de registro de ubicacion]]
[Test worker] WARN net.thucydides.core.steps.BaseStepListener - stepFinished: current outcome:Ingresar Datos Personales:Given Andres Ingresa Datos personales
| textoNombre | textoApellido | textoCorreo | textoMes | textoDia | textoAno |
| Andres | Guzman | andres2990@gmail.com | April | 7 | 1995 | [Andres abrir [Andres opens the Utest pagina], Andres datos personales [Andres clicks on Boton que nos mostrara formulario de registro, Andres enters 'Andres' into Donde escribimos el nombre, Andres enters 'Guzman' into Donde escribimos el apellido, Andres enters 'andres2990@gmail.com' into Donde escribimos el correo, Andres select April on Donde seleccionamos el mes, Andres select 7 on Donde seleccionamos el dia, Andres select 1995 on Donde seleccionamos el aÃ±o, Andres clicks on Boton que nos dirige al formulario de registro de ubicacion]]
[Test worker] WARN net.thucydides.core.steps.BaseStepListener - stepStarted: net.thucydides.core.steps.ExecutedStepDescription@7bd5f669
[Test worker] WARN net.thucydides.core.steps.BaseStepListener - stepStarted: net.thucydides.core.steps.ExecutedStepDescription@6c12470c
[Test worker] WARN net.thucydides.core.steps.BaseStepListener - stepStarted: net.thucydides.core.steps.ExecutedStepDescription@27a22b5c
[Test worker] WARN net.thucydides.core.steps.BaseStepListener - stepFinished: current outcome:Ingresar Datos Personales:Given Andres Ingresa Datos personales
| textoNombre | textoApellido | textoCorreo | textoMes | textoDia | textoAno |
| Andres | Guzman | andres2990@gmail.com | April | 7 | 1995 | [Andres abrir [Andres opens the Utest pagina], Andres datos personales [Andres clicks on Boton que nos mostrara formulario de registro, Andres enters 'Andres' into Donde escribimos el nombre, Andres enters 'Guzman' into Donde escribimos el apellido, Andres enters 'andres2990@gmail.com' into Donde escribimos el correo, Andres select April on Donde seleccionamos el mes, Andres select 7 on Donde seleccionamos el dia, Andres select 1995 on Donde seleccionamos el aÃ±o, Andres clicks on Boton que nos dirige al formulario de registro de ubicacion]], When El Ingresa Datos de Ubicacion Dispositivo y Contrasena
| textoCiudad | textoZip | textoPais | textoMovil | textoContrasena | textoConfirmarContrasena |
| Fusagasugá | 252212 | Colombia | Samsung | Choucair12* | Choucair12* | [Andres ingreso ubicacion [Andres enters '252212' into Donde seleccionamos nuestro codigo postal]]
[Test worker] WARN net.thucydides.core.steps.BaseStepListener - stepStarted: net.thucydides.core.steps.ExecutedStepDescription@7019b699
[Test worker] WARN net.thucydides.core.steps.BaseStepListener - stepFinished: current outcome:Ingresar Datos Personales:Given Andres Ingresa Datos personales
| textoNombre | textoApellido | textoCorreo | textoMes | textoDia | textoAno |
| Andres | Guzman | andres2990@gmail.com | April | 7 | 1995 | [Andres abrir [Andres opens the Utest pagina], Andres datos personales [Andres clicks on Boton que nos mostrara formulario de registro, Andres enters 'Andres' into Donde escribimos el nombre, Andres enters 'Guzman' into Donde escribimos el apellido, Andres enters 'andres2990@gmail.com' into Donde escribimos el correo, Andres select April on Donde seleccionamos el mes, Andres select 7 on Donde seleccionamos el dia, Andres select 1995 on Donde seleccionamos el aÃ±o, Andres clicks on Boton que nos dirige al formulario de registro de ubicacion]], When El Ingresa Datos de Ubicacion Dispositivo y Contrasena
| textoCiudad | textoZip | textoPais | textoMovil | textoContrasena | textoConfirmarContrasena |
| Fusagasugá | 252212 | Colombia | Samsung | Choucair12* | Choucair12* | [Andres ingreso ubicacion [Andres enters '252212' into Donde seleccionamos nuestro codigo postal, Andres clicks on Boton que se dirige al formulario de registro de dispositivos]]
[Test worker] WARN net.thucydides.core.steps.BaseStepListener - stepFinished: current outcome:Ingresar Datos Personales:Given Andres Ingresa Datos personales
| textoNombre | textoApellido | textoCorreo | textoMes | textoDia | textoAno |
| Andres | Guzman | andres2990@gmail.com | April | 7 | 1995 | [Andres abrir [Andres opens the Utest pagina], Andres datos personales [Andres clicks on Boton que nos mostrara formulario de registro, Andres enters 'Andres' into Donde escribimos el nombre, Andres enters 'Guzman' into Donde escribimos el apellido, Andres enters 'andres2990@gmail.com' into Donde escribimos el correo, Andres select April on Donde seleccionamos el mes, Andres select 7 on Donde seleccionamos el dia, Andres select 1995 on Donde seleccionamos el aÃ±o, Andres clicks on Boton que nos dirige al formulario de registro de ubicacion]], When El Ingresa Datos de Ubicacion Dispositivo y Contrasena
| textoCiudad | textoZip | textoPais | textoMovil | textoContrasena | textoConfirmarContrasena |
| Fusagasugá | 252212 | Colombia | Samsung | Choucair12* | Choucair12* | [Andres ingreso ubicacion [Andres enters '252212' into Donde seleccionamos nuestro codigo postal, Andres clicks on Boton que se dirige al formulario de registro de dispositivos]]
[Test worker] WARN net.thucydides.core.steps.BaseStepListener - stepStarted: net.thucydides.core.steps.ExecutedStepDescription@3471b88d
[Test worker] WARN net.thucydides.core.steps.BaseStepListener - stepStarted: net.thucydides.core.steps.ExecutedStepDescription@1ad55f4c
[Test worker] WARN net.thucydides.core.steps.BaseStepListener - stepFinished: current outcome:Ingresar Datos Personales:Given Andres Ingresa Datos personales
| textoNombre | textoApellido | textoCorreo | textoMes | textoDia | textoAno |
| Andres | Guzman | andres2990@gmail.com | April | 7 | 1995 | [Andres abrir [Andres opens the Utest pagina], Andres datos personales [Andres clicks on Boton que nos mostrara formulario de registro, Andres enters 'Andres' into Donde escribimos el nombre, Andres enters 'Guzman' into Donde escribimos el apellido, Andres enters 'andres2990@gmail.com' into Donde escribimos el correo, Andres select April on Donde seleccionamos el mes, Andres select 7 on Donde seleccionamos el dia, Andres select 1995 on Donde seleccionamos el aÃ±o, Andres clicks on Boton que nos dirige al formulario de registro de ubicacion]], When El Ingresa Datos de Ubicacion Dispositivo y Contrasena
| textoCiudad | textoZip | textoPais | textoMovil | textoContrasena | textoConfirmarContrasena |
| Fusagasugá | 252212 | Colombia | Samsung | Choucair12* | Choucair12* | [Andres ingreso ubicacion [Andres enters '252212' into Donde seleccionamos nuestro codigo postal, Andres clicks on Boton que se dirige al formulario de registro de dispositivos], Andres ingreso dispositivo [Andres clicks on Campo que despliega las opciones de dispositivos]]
[Test worker] WARN net.thucydides.core.steps.BaseStepListener - stepStarted: net.thucydides.core.steps.ExecutedStepDescription@5e2cf368
[Test worker] WARN net.thucydides.core.steps.BaseStepListener - stepFinished: current outcome:Ingresar Datos Personales:Given Andres Ingresa Datos personales
| textoNombre | textoApellido | textoCorreo | textoMes | textoDia | textoAno |
| Andres | Guzman | andres2990@gmail.com | April | 7 | 1995 | [Andres abrir [Andres opens the Utest pagina], Andres datos personales [Andres clicks on Boton que nos mostrara formulario de registro, Andres enters 'Andres' into Donde escribimos el nombre, Andres enters 'Guzman' into Donde escribimos el apellido, Andres enters 'andres2990@gmail.com' into Donde escribimos el correo, Andres select April on Donde seleccionamos el mes, Andres select 7 on Donde seleccionamos el dia, Andres select 1995 on Donde seleccionamos el aÃ±o, Andres clicks on Boton que nos dirige al formulario de registro de ubicacion]], When El Ingresa Datos de Ubicacion Dispositivo y Contrasena
| textoCiudad | textoZip | textoPais | textoMovil | textoContrasena | textoConfirmarContrasena |
| Fusagasugá | 252212 | Colombia | Samsung | Choucair12* | Choucair12* | [Andres ingreso ubicacion [Andres enters '252212' into Donde seleccionamos nuestro codigo postal, Andres clicks on Boton que se dirige al formulario de registro de dispositivos], Andres ingreso dispositivo [Andres clicks on Campo que despliega las opciones de dispositivos, Andres enters 'Samsung' into Donde seleccionamos la marca de nuestro telefono movil]]
[Test worker] WARN net.thucydides.core.steps.BaseStepListener - stepStarted: net.thucydides.core.steps.ExecutedStepDescription@483918b9
[Test worker] WARN net.thucydides.core.steps.BaseStepListener - stepFinished: current outcome:Ingresar Datos Personales:Given Andres Ingresa Datos personales
| textoNombre | textoApellido | textoCorreo | textoMes | textoDia | textoAno |
| Andres | Guzman | andres2990@gmail.com | April | 7 | 1995 | [Andres abrir [Andres opens the Utest pagina], Andres datos personales [Andres clicks on Boton que nos mostrara formulario de registro, Andres enters 'Andres' into Donde escribimos el nombre, Andres enters 'Guzman' into Donde escribimos el apellido, Andres enters 'andres2990@gmail.com' into Donde escribimos el correo, Andres select April on Donde seleccionamos el mes, Andres select 7 on Donde seleccionamos el dia, Andres select 1995 on Donde seleccionamos el aÃ±o, Andres clicks on Boton que nos dirige al formulario de registro de ubicacion]], When El Ingresa Datos de Ubicacion Dispositivo y Contrasena
| textoCiudad | textoZip | textoPais | textoMovil | textoContrasena | textoConfirmarContrasena |
| Fusagasugá | 252212 | Colombia | Samsung | Choucair12* | Choucair12* | [Andres ingreso ubicacion [Andres enters '252212' into Donde seleccionamos nuestro codigo postal, Andres clicks on Boton que se dirige al formulario de registro de dispositivos], Andres ingreso dispositivo [Andres clicks on Campo que despliega las opciones de dispositivos, Andres enters 'Samsung' into Donde seleccionamos la marca de nuestro telefono movil, Andres clicks on Boton que nos muestra el ultimo formulario para completar el registro]]
[Test worker] WARN net.thucydides.core.steps.BaseStepListener - stepFinished: current outcome:Ingresar Datos Personales:Given Andres Ingresa Datos personales
| textoNombre | textoApellido | textoCorreo | textoMes | textoDia | textoAno |
| Andres | Guzman | andres2990@gmail.com | April | 7 | 1995 | [Andres abrir [Andres opens the Utest pagina], Andres datos personales [Andres clicks on Boton que nos mostrara formulario de registro, Andres enters 'Andres' into Donde escribimos el nombre, Andres enters 'Guzman' into Donde escribimos el apellido, Andres enters 'andres2990@gmail.com' into Donde escribimos el correo, Andres select April on Donde seleccionamos el mes, Andres select 7 on Donde seleccionamos el dia, Andres select 1995 on Donde seleccionamos el aÃ±o, Andres clicks on Boton que nos dirige al formulario de registro de ubicacion]], When El Ingresa Datos de Ubicacion Dispositivo y Contrasena
| textoCiudad | textoZip | textoPais | textoMovil | textoContrasena | textoConfirmarContrasena |
| Fusagasugá | 252212 | Colombia | Samsung | Choucair12* | Choucair12* | [Andres ingreso ubicacion [Andres enters '252212' into Donde seleccionamos nuestro codigo postal, Andres clicks on Boton que se dirige al formulario de registro de dispositivos], Andres ingreso dispositivo [Andres clicks on Campo que despliega las opciones de dispositivos, Andres enters 'Samsung' into Donde seleccionamos la marca de nuestro telefono movil, Andres clicks on Boton que nos muestra el ultimo formulario para completar el registro]]
[Test worker] WARN net.thucydides.core.steps.BaseStepListener - stepStarted: net.thucydides.core.steps.ExecutedStepDescription@1eb816b0
[Test worker] WARN net.thucydides.core.steps.BaseStepListener - stepStarted: net.thucydides.core.steps.ExecutedStepDescription@368613d2
[Test worker] WARN net.thucydides.core.steps.BaseStepListener - stepFinished: current outcome:Ingresar Datos Personales:Given Andres Ingresa Datos personales
| textoNombre | textoApellido | textoCorreo | textoMes | textoDia | textoAno |
| Andres | Guzman | andres2990@gmail.com | April | 7 | 1995 | [Andres abrir [Andres opens the Utest pagina], Andres datos personales [Andres clicks on Boton que nos mostrara formulario de registro, Andres enters 'Andres' into Donde escribimos el nombre, Andres enters 'Guzman' into Donde escribimos el apellido, Andres enters 'andres2990@gmail.com' into Donde escribimos el correo, Andres select April on Donde seleccionamos el mes, Andres select 7 on Donde seleccionamos el dia, Andres select 1995 on Donde seleccionamos el aÃ±o, Andres clicks on Boton que nos dirige al formulario de registro de ubicacion]], When El Ingresa Datos de Ubicacion Dispositivo y Contrasena
| textoCiudad | textoZip | textoPais | textoMovil | textoContrasena | textoConfirmarContrasena |
| Fusagasugá | 252212 | Colombia | Samsung | Choucair12* | Choucair12* | [Andres ingreso ubicacion [Andres enters '252212' into Donde seleccionamos nuestro codigo postal, Andres clicks on Boton que se dirige al formulario de registro de dispositivos], Andres ingreso dispositivo [Andres clicks on Campo que despliega las opciones de dispositivos, Andres enters 'Samsung' into Donde seleccionamos la marca de nuestro telefono movil, Andres clicks on Boton que nos muestra el ultimo formulario para completar el registro], Andres completar registro [Andres enters 'Choucair12*' into Donde escribimos la contrasena]]
[Test worker] WARN net.thucydides.core.steps.BaseStepListener - stepStarted: net.thucydides.core.steps.ExecutedStepDescription@609377c1
[Test worker] WARN net.thucydides.core.steps.BaseStepListener - stepFinished: current outcome:Ingresar Datos Personales:Given Andres Ingresa Datos personales
| textoNombre | textoApellido | textoCorreo | textoMes | textoDia | textoAno |
| Andres | Guzman | andres2990@gmail.com | April | 7 | 1995 | [Andres abrir [Andres opens the Utest pagina], Andres datos personales [Andres clicks on Boton que nos mostrara formulario de registro, Andres enters 'Andres' into Donde escribimos el nombre, Andres enters 'Guzman' into Donde escribimos el apellido, Andres enters 'andres2990@gmail.com' into Donde escribimos el correo, Andres select April on Donde seleccionamos el mes, Andres select 7 on Donde seleccionamos el dia, Andres select 1995 on Donde seleccionamos el aÃ±o, Andres clicks on Boton que nos dirige al formulario de registro de ubicacion]], When El Ingresa Datos de Ubicacion Dispositivo y Contrasena
| textoCiudad | textoZip | textoPais | textoMovil | textoContrasena | textoConfirmarContrasena |
| Fusagasugá | 252212 | Colombia | Samsung | Choucair12* | Choucair12* | [Andres ingreso ubicacion [Andres enters '252212' into Donde seleccionamos nuestro codigo postal, Andres clicks on Boton que se dirige al formulario de registro de dispositivos], Andres ingreso dispositivo [Andres clicks on Campo que despliega las opciones de dispositivos, Andres enters 'Samsung' into Donde seleccionamos la marca de nuestro telefono movil, Andres clicks on Boton que nos muestra el ultimo formulario para completar el registro], Andres completar registro [Andres enters 'Choucair12*' into Donde escribimos la contrasena, Andres enters 'Choucair12*' into Donde confirmamos la contrasena]]
[Test worker] WARN net.thucydides.core.steps.BaseStepListener - stepStarted: net.thucydides.core.steps.ExecutedStepDescription@59053c75
[Test worker] WARN net.thucydides.core.steps.BaseStepListener - stepFinished: current outcome:Ingresar Datos Personales:Given Andres Ingresa Datos personales
| textoNombre | textoApellido | textoCorreo | textoMes | textoDia | textoAno |
| Andres | Guzman | andres2990@gmail.com | April | 7 | 1995 | [Andres abrir [Andres opens the Utest pagina], Andres datos personales [Andres clicks on Boton que nos mostrara formulario de registro, Andres enters 'Andres' into Donde escribimos el nombre, Andres enters 'Guzman' into Donde escribimos el apellido, Andres enters 'andres2990@gmail.com' into Donde escribimos el correo, Andres select April on Donde seleccionamos el mes, Andres select 7 on Donde seleccionamos el dia, Andres select 1995 on Donde seleccionamos el aÃ±o, Andres clicks on Boton que nos dirige al formulario de registro de ubicacion]], When El Ingresa Datos de Ubicacion Dispositivo y Contrasena
| textoCiudad | textoZip | textoPais | textoMovil | textoContrasena | textoConfirmarContrasena |
| Fusagasugá | 252212 | Colombia | Samsung | Choucair12* | Choucair12* | [Andres ingreso ubicacion [Andres enters '252212' into Donde seleccionamos nuestro codigo postal, Andres clicks on Boton que se dirige al formulario de registro de dispositivos], Andres ingreso dispositivo [Andres clicks on Campo que despliega las opciones de dispositivos, Andres enters 'Samsung' into Donde seleccionamos la marca de nuestro telefono movil, Andres clicks on Boton que nos muestra el ultimo formulario para completar el registro], Andres completar registro [Andres enters 'Choucair12*' into Donde escribimos la contrasena, Andres enters 'Choucair12*' into Donde confirmamos la contrasena, Andres clicks on Donde aceptamos los terminos ]]
[Test worker] WARN net.thucydides.core.steps.BaseStepListener - stepStarted: net.thucydides.core.steps.ExecutedStepDescription@3b917d8e
[Test worker] WARN net.thucydides.core.steps.BaseStepListener - stepFinished: current outcome:Ingresar Datos Personales:Given Andres Ingresa Datos personales
| textoNombre | textoApellido | textoCorreo | textoMes | textoDia | textoAno |
| Andres | Guzman | andres2990@gmail.com | April | 7 | 1995 | [Andres abrir [Andres opens the Utest pagina], Andres datos personales [Andres clicks on Boton que nos mostrara formulario de registro, Andres enters 'Andres' into Donde escribimos el nombre, Andres enters 'Guzman' into Donde escribimos el apellido, Andres enters 'andres2990@gmail.com' into Donde escribimos el correo, Andres select April on Donde seleccionamos el mes, Andres select 7 on Donde seleccionamos el dia, Andres select 1995 on Donde seleccionamos el aÃ±o, Andres clicks on Boton que nos dirige al formulario de registro de ubicacion]], When El Ingresa Datos de Ubicacion Dispositivo y Contrasena
| textoCiudad | textoZip | textoPais | textoMovil | textoContrasena | textoConfirmarContrasena |
| Fusagasugá | 252212 | Colombia | Samsung | Choucair12* | Choucair12* | [Andres ingreso ubicacion [Andres enters '252212' into Donde seleccionamos nuestro codigo postal, Andres clicks on Boton que se dirige al formulario de registro de dispositivos], Andres ingreso dispositivo [Andres clicks on Campo que despliega las opciones de dispositivos, Andres enters 'Samsung' into Donde seleccionamos la marca de nuestro telefono movil, Andres clicks on Boton que nos muestra el ultimo formulario para completar el registro], Andres completar registro [Andres enters 'Choucair12*' into Donde escribimos la contrasena, Andres enters 'Choucair12*' into Donde confirmamos la contrasena, Andres clicks on Donde aceptamos los terminos , Andres clicks on Donde aceptamos las politicas]]
[Test worker] WARN net.thucydides.core.steps.BaseStepListener - stepStarted: net.thucydides.core.steps.ExecutedStepDescription@4b36e71e
[Test worker] WARN net.thucydides.core.steps.BaseStepListener - stepFinished: current outcome:Ingresar Datos Personales:Given Andres Ingresa Datos personales
| textoNombre | textoApellido | textoCorreo | textoMes | textoDia | textoAno |
| Andres | Guzman | andres2990@gmail.com | April | 7 | 1995 | [Andres abrir [Andres opens the Utest pagina], Andres datos personales [Andres clicks on Boton que nos mostrara formulario de registro, Andres enters 'Andres' into Donde escribimos el nombre, Andres enters 'Guzman' into Donde escribimos el apellido, Andres enters 'andres2990@gmail.com' into Donde escribimos el correo, Andres select April on Donde seleccionamos el mes, Andres select 7 on Donde seleccionamos el dia, Andres select 1995 on Donde seleccionamos el aÃ±o, Andres clicks on Boton que nos dirige al formulario de registro de ubicacion]], When El Ingresa Datos de Ubicacion Dispositivo y Contrasena
| textoCiudad | textoZip | textoPais | textoMovil | textoContrasena | textoConfirmarContrasena |
| Fusagasugá | 252212 | Colombia | Samsung | Choucair12* | Choucair12* | [Andres ingreso ubicacion [Andres enters '252212' into Donde seleccionamos nuestro codigo postal, Andres clicks on Boton que se dirige al formulario de registro de dispositivos], Andres ingreso dispositivo [Andres clicks on Campo que despliega las opciones de dispositivos, Andres enters 'Samsung' into Donde seleccionamos la marca de nuestro telefono movil, Andres clicks on Boton que nos muestra el ultimo formulario para completar el registro], Andres completar registro [Andres enters 'Choucair12*' into Donde escribimos la contrasena, Andres enters 'Choucair12*' into Donde confirmamos la contrasena, Andres clicks on Donde aceptamos los terminos , Andres clicks on Donde aceptamos las politicas, Andres clicks on Boton para completar y crear nuestro usuario en Utest]]
[Test worker] WARN net.thucydides.core.steps.BaseStepListener - stepFinished: current outcome:Ingresar Datos Personales:Given Andres Ingresa Datos personales
| textoNombre | textoApellido | textoCorreo | textoMes | textoDia | textoAno |
| Andres | Guzman | andres2990@gmail.com | April | 7 | 1995 | [Andres abrir [Andres opens the Utest pagina], Andres datos personales [Andres clicks on Boton que nos mostrara formulario de registro, Andres enters 'Andres' into Donde escribimos el nombre, Andres enters 'Guzman' into Donde escribimos el apellido, Andres enters 'andres2990@gmail.com' into Donde escribimos el correo, Andres select April on Donde seleccionamos el mes, Andres select 7 on Donde seleccionamos el dia, Andres select 1995 on Donde seleccionamos el aÃ±o, Andres clicks on Boton que nos dirige al formulario de registro de ubicacion]], When El Ingresa Datos de Ubicacion Dispositivo y Contrasena
| textoCiudad | textoZip | textoPais | textoMovil | textoContrasena | textoConfirmarContrasena |
| Fusagasugá | 252212 | Colombia | Samsung | Choucair12* | Choucair12* | [Andres ingreso ubicacion [Andres enters '252212' into Donde seleccionamos nuestro codigo postal, Andres clicks on Boton que se dirige al formulario de registro de dispositivos], Andres ingreso dispositivo [Andres clicks on Campo que despliega las opciones de dispositivos, Andres enters 'Samsung' into Donde seleccionamos la marca de nuestro telefono movil, Andres clicks on Boton que nos muestra el ultimo formulario para completar el registro], Andres completar registro [Andres enters 'Choucair12*' into Donde escribimos la contrasena, Andres enters 'Choucair12*' into Donde confirmamos la contrasena, Andres clicks on Donde aceptamos los terminos , Andres clicks on Donde aceptamos las politicas, Andres clicks on Boton para completar y crear nuestro usuario en Utest]]
[Test worker] WARN net.thucydides.core.steps.BaseStepListener - stepFinished: current outcome:Ingresar Datos Personales:Given Andres Ingresa Datos personales
| textoNombre | textoApellido | textoCorreo | textoMes | textoDia | textoAno |
| Andres | Guzman | andres2990@gmail.com | April | 7 | 1995 | [Andres abrir [Andres opens the Utest pagina], Andres datos personales [Andres clicks on Boton que nos mostrara formulario de registro, Andres enters 'Andres' into Donde escribimos el nombre, Andres enters 'Guzman' into Donde escribimos el apellido, Andres enters 'andres2990@gmail.com' into Donde escribimos el correo, Andres select April on Donde seleccionamos el mes, Andres select 7 on Donde seleccionamos el dia, Andres select 1995 on Donde seleccionamos el aÃ±o, Andres clicks on Boton que nos dirige al formulario de registro de ubicacion]], When El Ingresa Datos de Ubicacion Dispositivo y Contrasena
| textoCiudad | textoZip | textoPais | textoMovil | textoContrasena | textoConfirmarContrasena |
| Fusagasugá | 252212 | Colombia | Samsung | Choucair12* | Choucair12* | [Andres ingreso ubicacion [Andres enters '252212' into Donde seleccionamos nuestro codigo postal, Andres clicks on Boton que se dirige al formulario de registro de dispositivos], Andres ingreso dispositivo [Andres clicks on Campo que despliega las opciones de dispositivos, Andres enters 'Samsung' into Donde seleccionamos la marca de nuestro telefono movil, Andres clicks on Boton que nos muestra el ultimo formulario para completar el registro], Andres completar registro [Andres enters 'Choucair12*' into Donde escribimos la contrasena, Andres enters 'Choucair12*' into Donde confirmamos la contrasena, Andres clicks on Donde aceptamos los terminos , Andres clicks on Donde aceptamos las politicas, Andres clicks on Boton para completar y crear nuestro usuario en Utest]]
[Test worker] WARN net.thucydides.core.steps.BaseStepListener - stepStarted: net.thucydides.core.steps.ExecutedStepDescription@53e9bc90
[Test worker] WARN net.thucydides.core.steps.BaseStepListener - testFinished: Ingresar Datos Personales:Given Andres Ingresa Datos personales
| textoNombre | textoApellido | textoCorreo | textoMes | textoDia | textoAno |
| Andres | Guzman | andres2990@gmail.com | April | 7 | 1995 | [Andres abrir [Andres opens the Utest pagina], Andres datos personales [Andres clicks on Boton que nos mostrara formulario de registro, Andres enters 'Andres' into Donde escribimos el nombre, Andres enters 'Guzman' into Donde escribimos el apellido, Andres enters 'andres2990@gmail.com' into Donde escribimos el correo, Andres select April on Donde seleccionamos el mes, Andres select 7 on Donde seleccionamos el dia, Andres select 1995 on Donde seleccionamos el aÃ±o, Andres clicks on Boton que nos dirige al formulario de registro de ubicacion]], When El Ingresa Datos de Ubicacion Dispositivo y Contrasena
| textoCiudad | textoZip | textoPais | textoMovil | textoContrasena | textoConfirmarContrasena |
| Fusagasugá | 252212 | Colombia | Samsung | Choucair12* | Choucair12* | [Andres ingreso ubicacion [Andres enters '252212' into Donde seleccionamos nuestro codigo postal, Andres clicks on Boton que se dirige al formulario de registro de dispositivos], Andres ingreso dispositivo [Andres clicks on Campo que despliega las opciones de dispositivos, Andres enters 'Samsung' into Donde seleccionamos la marca de nuestro telefono movil, Andres clicks on Boton que nos muestra el ultimo formulario para completar el registro], Andres completar registro [Andres enters 'Choucair12*' into Donde escribimos la contrasena, Andres enters 'Choucair12*' into Donde confirmamos la contrasena, Andres clicks on Donde aceptamos los terminos , Andres clicks on Donde aceptamos las politicas, Andres clicks on Boton para completar y crear nuestro usuario en Utest]], Then El finalizo su registro en Utest
| MensajeExitoso |
| Welcome to the world's largest community of freelance software testers! |
[Test worker] WARN net.thucydides.core.steps.BaseStepListener - TestOutcomes: [Ingresar Datos Personales:Given Andres Ingresa Datos personales
| textoNombre | textoApellido | textoCorreo | textoMes | textoDia | textoAno |
| Andres | Guzman | andres2990@gmail.com | April | 7 | 1995 | [Andres abrir [Andres opens the Utest pagina], Andres datos personales [Andres clicks on Boton que nos mostrara formulario de registro, Andres enters 'Andres' into Donde escribimos el nombre, Andres enters 'Guzman' into Donde escribimos el apellido, Andres enters 'andres2990@gmail.com' into Donde escribimos el correo, Andres select April on Donde seleccionamos el mes, Andres select 7 on Donde seleccionamos el dia, Andres select 1995 on Donde seleccionamos el aÃ±o, Andres clicks on Boton que nos dirige al formulario de registro de ubicacion]], When El Ingresa Datos de Ubicacion Dispositivo y Contrasena
| textoCiudad | textoZip | textoPais | textoMovil | textoContrasena | textoConfirmarContrasena |
| Fusagasugá | 252212 | Colombia | Samsung | Choucair12* | Choucair12* | [Andres ingreso ubicacion [Andres enters '252212' into Donde seleccionamos nuestro codigo postal, Andres clicks on Boton que se dirige al formulario de registro de dispositivos], Andres ingreso dispositivo [Andres clicks on Campo que despliega las opciones de dispositivos, Andres enters 'Samsung' into Donde seleccionamos la marca de nuestro telefono movil, Andres clicks on Boton que nos muestra el ultimo formulario para completar el registro], Andres completar registro [Andres enters 'Choucair12*' into Donde escribimos la contrasena, Andres enters 'Choucair12*' into Donde confirmamos la contrasena, Andres clicks on Donde aceptamos los terminos , Andres clicks on Donde aceptamos las politicas, Andres clicks on Boton para completar y crear nuestro usuario en Utest]], Then El finalizo su registro en Utest
| MensajeExitoso |
| Welcome to the world's largest community of freelance software testers! |]
[Test worker] WARN net.thucydides.core.steps.BaseStepListener - Final testOutcomes: [Ingresar Datos Personales:Given Andres Ingresa Datos personales
| textoNombre | textoApellido | textoCorreo | textoMes | textoDia | textoAno |
| Andres | Guzman | andres2990@gmail.com | April | 7 | 1995 | [Andres abrir [Andres opens the Utest pagina], Andres datos personales [Andres clicks on Boton que nos mostrara formulario de registro, Andres enters 'Andres' into Donde escribimos el nombre, Andres enters 'Guzman' into Donde escribimos el apellido, Andres enters 'andres2990@gmail.com' into Donde escribimos el correo, Andres select April on Donde seleccionamos el mes, Andres select 7 on Donde seleccionamos el dia, Andres select 1995 on Donde seleccionamos el aÃ±o, Andres clicks on Boton que nos dirige al formulario de registro de ubicacion]], When El Ingresa Datos de Ubicacion Dispositivo y Contrasena
| textoCiudad | textoZip | textoPais | textoMovil | textoContrasena | textoConfirmarContrasena |
| Fusagasugá | 252212 | Colombia | Samsung | Choucair12* | Choucair12* | [Andres ingreso ubicacion [Andres enters '252212' into Donde seleccionamos nuestro codigo postal, Andres clicks on Boton que se dirige al formulario de registro de dispositivos], Andres ingreso dispositivo [Andres clicks on Campo que despliega las opciones de dispositivos, Andres enters 'Samsung' into Donde seleccionamos la marca de nuestro telefono movil, Andres clicks on Boton que nos muestra el ultimo formulario para completar el registro], Andres completar registro [Andres enters 'Choucair12*' into Donde escribimos la contrasena, Andres enters 'Choucair12*' into Donde confirmamos la contrasena, Andres clicks on Donde aceptamos los terminos , Andres clicks on Donde aceptamos las politicas, Andres clicks on Boton para completar y crear nuestro usuario en Utest]], Then El finalizo su registro en Utest
| MensajeExitoso |
| Welcome to the world's largest community of freelance software testers! |]
[Test worker] ERROR net.thucydides.core.steps.ConsoleLoggingListener - 
           __  _____ _____ ____ _____   _____ _    ___ _     _____ ____  
  _       / / |_   _| ____/ ___|_   _| |  ___/ \  |_ _| |   | ____|  _ \ 
 (_)_____| |    | | |  _| \___ \ | |   | |_ / _ \  | || |   |  _| | | | |
  _|_____| |    | | | |___ ___) || |   |  _/ ___ \ | || |___| |___| |_| |
 (_)     | |    |_| |_____|____/ |_|   |_|/_/   \_\___|_____|_____|____/ 
          \_\                                                            

TEST FAILED WITH ERROR: Ingresar Datos Personales
---------------------------------------------------------------------
[Test worker] ERROR net.thucydides.core.steps.ConsoleLoggingListener - TEST FAILED AT STEP Then El finalizo su registro en Utest | MensajeExitoso | | Welcome to the world's largest community of freelance software testers! |
[Test worker] ERROR net.thucydides.core.steps.ConsoleLoggingListener - No such field co.com.utest.reto.model.UtestDatos.mensajeExitoso
]]></system-err>
</testsuite>
